11.03.2016 09:56:36 SEAMService Entered registerSPDCompleteReceiver
11.03.2016 09:56:36 SEAMService Entered registerSPDCompleteReceiver
11.03.2016 10:26:07 SEAMService Entered registerSPDCompleteReceiver
11.03.2016 10:26:07 SEAMService Entered registerSPDCompleteReceiver
18.04.2016 14:27:40 SEAMService Entered registerSPDCompleteReceiver
18.04.2016 14:27:40 SEAMService Entered registerSPDCompleteReceiver
12.05.2016 10:08:13 SEAMService Entered registerSPDCompleteReceiver
12.05.2016 10:08:13 SEAMService Entered registerSPDCompleteReceiver
16.05.2016 10:09:33 SEAMService Entered registerSPDCompleteReceiver
16.05.2016 10:09:33 SEAMService Entered registerSPDCompleteReceiver
08.06.2016 15:53:52 SEAMService Entered registerSPDCompleteReceiver
08.06.2016 15:53:52 SEAMService Entered registerSPDCompleteReceiver
29.06.2016 10:06:31 SEAMService Entered registerSPDCompleteReceiver
29.06.2016 10:06:31 SEAMService Entered registerSPDCompleteReceiver
29.06.2016 16:23:07 SEAMService Entered registerSPDCompleteReceiver
29.06.2016 16:23:07 SEAMService Entered registerSPDCompleteReceiver
19.07.2016 20:00:39 SEAMService Entered registerSPDCompleteReceiver
19.07.2016 20:00:39 SEAMService Entered registerSPDCompleteReceiver
02.08.2016 14:34:17 SEAMService Entered registerSPDCompleteReceiver
02.08.2016 14:34:17 SEAMService Entered registerSPDCompleteReceiver
04.08.2016 14:22:40 SEAMService Entered registerSPDCompleteReceiver
04.08.2016 14:22:40 SEAMService Entered registerSPDCompleteReceiver
29.08.2016 13:24:12 SEAMService Entered registerSPDCompleteReceiver
29.08.2016 13:24:12 SEAMService Entered registerSPDCompleteReceiver
01.09.2016 08:44:18 SEAMService Entered registerSPDCompleteReceiver
01.09.2016 08:44:18 SEAMService Entered registerSPDCompleteReceiver
04.09.2016 09:27:06 SEAMService Entered registerSPDCompleteReceiver
04.09.2016 09:27:06 SEAMService Entered registerSPDCompleteReceiver
06.09.2016 17:33:19 SEAMService Entered registerSPDCompleteReceiver
06.09.2016 17:33:19 SEAMService Entered registerSPDCompleteReceiver
11.09.2016 15:57:57 SEAMService Entered registerSPDCompleteReceiver
11.09.2016 15:57:57 SEAMService Entered registerSPDCompleteReceiver
13.09.2016 15:41:35 SEAMService Entered registerSPDCompleteReceiver
13.09.2016 15:41:35 SEAMService Entered registerSPDCompleteReceiver
14.09.2016 08:50:48 SEAMService Entered registerSPDCompleteReceiver
14.09.2016 08:50:48 SEAMService Entered registerSPDCompleteReceiver
14.09.2016 15:22:47 SEAMService Entered registerSPDCompleteReceiver
14.09.2016 15:22:47 SEAMService Entered registerSPDCompleteReceiver
19.09.2016 19:55:19 SEAMService Entered registerSPDCompleteReceiver
19.09.2016 19:55:19 SEAMService Entered registerSPDCompleteReceiver
20.09.2016 09:53:09 SEAMService Entered registerSPDCompleteReceiver
20.09.2016 09:53:09 SEAMService Entered registerSPDCompleteReceiver
22.09.2016 10:08:42 SEAMService Entered registerSPDCompleteReceiver
22.09.2016 10:08:42 SEAMService Entered registerSPDCompleteReceiver
23.09.2016 10:25:27 SEAMService Entered registerSPDCompleteReceiver
23.09.2016 10:25:27 SEAMService Entered registerSPDCompleteReceiver
25.09.2016 11:07:06 SEAMService Entered registerSPDCompleteReceiver
25.09.2016 11:07:06 SEAMService Entered registerSPDCompleteReceiver
26.09.2016 17:16:05 SEAMService Entered registerSPDCompleteReceiver
26.09.2016 17:16:05 SEAMService Entered registerSPDCompleteReceiver
30.09.2016 09:40:05 SEAMService Entered registerSPDCompleteReceiver
30.09.2016 09:40:05 SEAMService Entered registerSPDCompleteReceiver
24.10.2016 19:33:10 SEAMService Entered registerSPDCompleteReceiver
24.10.2016 19:33:10 SEAMService Entered registerSPDCompleteReceiver
26.10.2016 16:18:24 SEAMService Entered registerSPDCompleteReceiver
26.10.2016 16:18:24 SEAMService Entered registerSPDCompleteReceiver
30.10.2016 16:01:29 SEAMService Entered registerSPDCompleteReceiver
30.10.2016 16:01:29 SEAMService Entered registerSPDCompleteReceiver
01.11.2016 10:06:03 SEAMService Entered registerSPDCompleteReceiver
01.11.2016 10:06:03 SEAMService Entered registerSPDCompleteReceiver
02.11.2016 10:08:34 SEAMService Entered registerSPDCompleteReceiver
02.11.2016 10:08:34 SEAMService Entered registerSPDCompleteReceiver
24.11.2016 18:16:57 SEAMService Entered registerSPDCompleteReceiver
24.11.2016 18:16:57 SEAMService Entered registerSPDCompleteReceiver
25.11.2016 10:14:57 SEAMService Entered registerSPDCompleteReceiver
25.11.2016 10:14:57 SEAMService Entered registerSPDCompleteReceiver
27.11.2016 14:07:30 SEAMService Entered registerSPDCompleteReceiver
27.11.2016 14:07:30 SEAMService Entered registerSPDCompleteReceiver
28.11.2016 12:49:23 SEAMService Entered registerSPDCompleteReceiver
28.11.2016 12:49:23 SEAMService Entered registerSPDCompleteReceiver
08.12.2016 10:54:08 SEAMService Entered registerSPDCompleteReceiver
08.12.2016 10:54:08 SEAMService Entered registerSPDCompleteReceiver
16.12.2016 10:35:42 SEAMService Entered registerSPDCompleteReceiver
16.12.2016 10:35:42 SEAMService Entered registerSPDCompleteReceiver
26.12.2016 09:27:22 SEAMService Entered registerSPDCompleteReceiver
26.12.2016 09:27:22 SEAMService Entered registerSPDCompleteReceiver
26.12.2016 10:47:35 SEAMService Entered registerSPDCompleteReceiver
26.12.2016 10:47:35 SEAMService Entered registerSPDCompleteReceiver
03.01.2017 09:19:50 SEAMService Entered registerSPDCompleteReceiver
03.01.2017 09:19:50 SEAMService Entered registerSPDCompleteReceiver
06.01.2017 09:14:51 SEAMService Entered registerSPDCompleteReceiver
06.01.2017 09:14:51 SEAMService Entered registerSPDCompleteReceiver
09.01.2017 10:23:30 SEAMService Entered registerSPDCompleteReceiver
09.01.2017 10:23:30 SEAMService Entered registerSPDCompleteReceiver
11.01.2017 15:26:58 SEAMService Entered registerSPDCompleteReceiver
11.01.2017 15:26:58 SEAMService Entered registerSPDCompleteReceiver
17.01.2017 19:52:33 SEAMService Entered registerSPDCompleteReceiver
17.01.2017 19:52:33 SEAMService Entered registerSPDCompleteReceiver
17.01.2017 20:40:06 SEAMService Entered registerSPDCompleteReceiver
17.01.2017 20:40:06 SEAMService Entered registerSPDCompleteReceiver
18.01.2017 17:18:34 SEAMService Entered registerSPDCompleteReceiver
18.01.2017 17:18:34 SEAMService Entered registerSPDCompleteReceiver
19.01.2017 11:41:50 SEAMService Entered registerSPDCompleteReceiver
19.01.2017 11:41:50 SEAMService Entered registerSPDCompleteReceiver
20.01.2017 15:26:34 SEAMService Entered registerSPDCompleteReceiver
20.01.2017 15:26:34 SEAMService Entered registerSPDCompleteReceiver
22.01.2017 20:50:36 SEAMService Entered registerSPDCompleteReceiver
22.01.2017 20:50:36 SEAMService Entered registerSPDCompleteReceiver
23.01.2017 14:08:11 SEAMService Entered registerSPDCompleteReceiver
23.01.2017 14:08:11 SEAMService Entered registerSPDCompleteReceiver
15.02.2017 15:52:51 SEAMService Entered registerSPDCompleteReceiver
15.02.2017 15:52:51 SEAMService Entered registerSPDCompleteReceiver
15.02.2017 15:58:22 SEAMService Entered registerSPDCompleteReceiver
15.02.2017 15:58:22 SEAMService Entered registerSPDCompleteReceiver
15.02.2017 17:01:50 GoodContainer /data/security/good/seapp_contexts file does not exist, no changes
15.02.2017 17:01:50 SEAMService getPkgNamesFromContainer for GOOD
15.02.2017 17:01:50 SEAMService pkgArray1 is null
15.02.2017 17:01:50 SEAMService pkgArray2 is null
15.02.2017 17:01:50 SEAMService pkglist is empty or PMS or Persona is null
15.02.2017 17:06:47 SEAMService getAllSEContainerCategory begin
15.02.2017 17:06:47 SEAMService getAllSEContainerCategory, got the results for database entries
15.02.2017 17:06:47 SEAMService getAllSEContainerCategory, calling getSEContainerIDsForSystem
15.02.2017 17:06:47 SEAMService getAllSEContainerCategory begin
15.02.2017 17:06:47 SEAMService getAllSEContainerCategory, got the results for database entries
15.02.2017 17:06:47 SEAMService getAllSEContainerCategory, calling getSEContainerIDsForSystem
15.02.2017 17:07:54 SEAMService checkSEAMSPermission: packageName:com.samsung.android.bbc.bbcagent
15.02.2017 17:07:54 SEAMService checkSEAMSPermission: packageName:com.samsung.android.bbc.bbcagent
15.02.2017 17:07:54 SEAMService checkSEAMSPermission: packageName:com.samsung.android.bbc.bbcagent
24.02.2017 16:31:12 SEAMService getAllSEContainerCategory begin
24.02.2017 16:31:12 SEAMService getAllSEContainerCategory, got the results for database entries
24.02.2017 16:31:12 SEAMService getAllSEContainerCategory, calling getSEContainerIDsForSystem
24.02.2017 16:31:13 SEAMService getAllSEContainerCategory begin
24.02.2017 16:31:13 SEAMService getAllSEContainerCategory, got the results for database entries
24.02.2017 16:31:13 SEAMService getAllSEContainerCategory, calling getSEContainerIDsForSystem
24.02.2017 16:31:58 SEAMService checkSEAMSPermission: packageName:com.samsung.android.bbc.bbcagent
24.02.2017 16:31:58 SEAMService checkSEAMSPermission: packageName:com.samsung.android.bbc.bbcagent
24.02.2017 16:31:58 SEAMService checkSEAMSPermission: packageName:com.samsung.android.bbc.bbcagent
26.02.2017 20:57:20 SEAMService getAllSEContainerCategory begin
26.02.2017 20:57:20 SEAMService getAllSEContainerCategory, got the results for database entries
26.02.2017 20:57:20 SEAMService getAllSEContainerCategory, calling getSEContainerIDsForSystem
26.02.2017 20:57:20 SEAMService getAllSEContainerCategory begin
26.02.2017 20:57:20 SEAMService getAllSEContainerCategory, got the results for database entries
26.02.2017 20:57:20 SEAMService getAllSEContainerCategory, calling getSEContainerIDsForSystem
26.02.2017 20:57:43 SEAMService checkSEAMSPermission: packageName:com.samsung.android.bbc.bbcagent
26.02.2017 20:57:43 SEAMService checkSEAMSPermission: packageName:com.samsung.android.bbc.bbcagent
26.02.2017 20:57:43 SEAMService checkSEAMSPermission: packageName:com.samsung.android.bbc.bbcagent
26.02.2017 22:00:18 SEAMService getAllSEContainerCategory begin
26.02.2017 22:00:18 SEAMService getAllSEContainerCategory, got the results for database entries
26.02.2017 22:00:18 SEAMService getAllSEContainerCategory, calling getSEContainerIDsForSystem
26.02.2017 22:00:18 SEAMService getAllSEContainerCategory begin
26.02.2017 22:00:18 SEAMService getAllSEContainerCategory, got the results for database entries
26.02.2017 22:00:18 SEAMService getAllSEContainerCategory, calling getSEContainerIDsForSystem
26.02.2017 22:00:44 SEAMService checkSEAMSPermission: packageName:com.samsung.android.bbc.bbcagent
26.02.2017 22:00:44 SEAMService checkSEAMSPermission: packageName:com.samsung.android.bbc.bbcagent
26.02.2017 22:00:44 SEAMService checkSEAMSPermission: packageName:com.samsung.android.bbc.bbcagent
02.03.2017 11:07:33 SEAMService caller is  system_server..proceed
02.03.2017 11:07:33 SEAMService cvOld is null or size is 0
02.03.2017 11:07:33 SEAMService the clipboard status for container:0 does not exist
02.03.2017 11:07:53 SEAMService caller is  system_server..proceed
02.03.2017 11:07:53 SEAMService cvOld is null or size is 0
02.03.2017 11:07:53 SEAMService the clipboard status for container:0 does not exist
02.03.2017 11:07:57 SEAMService caller is  system_server..proceed
02.03.2017 11:07:57 SEAMService cvOld is null or size is 0
02.03.2017 11:07:57 SEAMService the clipboard status for container:0 does not exist
02.03.2017 11:08:01 SEAMService caller is  system_server..proceed
02.03.2017 11:08:01 SEAMService cvOld is null or size is 0
02.03.2017 11:08:01 SEAMService the clipboard status for container:0 does not exist
02.03.2017 15:39:48 SEAMService caller is  system_server..proceed
02.03.2017 15:39:48 SEAMService cvOld is null or size is 0
02.03.2017 15:39:48 SEAMService the clipboard status for container:0 does not exist
02.03.2017 15:41:05 SEAMService caller is  system_server..proceed
02.03.2017 15:41:05 SEAMService cvOld is null or size is 0
02.03.2017 15:41:05 SEAMService the clipboard status for container:0 does not exist
03.03.2017 11:09:34 SEAMService getAllSEContainerCategory begin
03.03.2017 11:09:34 SEAMService getAllSEContainerCategory, got the results for database entries
03.03.2017 11:09:34 SEAMService getAllSEContainerCategory, calling getSEContainerIDsForSystem
03.03.2017 11:09:34 SEAMService getAllSEContainerCategory begin
03.03.2017 11:09:34 SEAMService getAllSEContainerCategory, got the results for database entries
03.03.2017 11:09:34 SEAMService getAllSEContainerCategory, calling getSEContainerIDsForSystem
03.03.2017 11:09:58 SEAMService checkSEAMSPermission: packageName:com.samsung.android.bbc.bbcagent
03.03.2017 11:09:58 SEAMService checkSEAMSPermission: packageName:com.samsung.android.bbc.bbcagent
03.03.2017 11:09:58 SEAMService checkSEAMSPermission: packageName:com.samsung.android.bbc.bbcagent
06.03.2017 10:54:04 SEAMService getAllSEContainerCategory begin
06.03.2017 10:54:04 SEAMService getAllSEContainerCategory, got the results for database entries
06.03.2017 10:54:04 SEAMService getAllSEContainerCategory, calling getSEContainerIDsForSystem
06.03.2017 10:54:04 SEAMService getAllSEContainerCategory begin
06.03.2017 10:54:04 SEAMService getAllSEContainerCategory, got the results for database entries
06.03.2017 10:54:04 SEAMService getAllSEContainerCategory, calling getSEContainerIDsForSystem
06.03.2017 10:54:34 SEAMService checkSEAMSPermission: packageName:com.samsung.android.bbc.bbcagent
06.03.2017 10:54:34 SEAMService checkSEAMSPermission: packageName:com.samsung.android.bbc.bbcagent
06.03.2017 10:54:34 SEAMService checkSEAMSPermission: packageName:com.samsung.android.bbc.bbcagent
09.03.2017 09:22:09 SEAMService getAllSEContainerCategory begin
09.03.2017 09:22:09 SEAMService getAllSEContainerCategory, got the results for database entries
09.03.2017 09:22:09 SEAMService getAllSEContainerCategory, calling getSEContainerIDsForSystem
09.03.2017 09:22:09 SEAMService getAllSEContainerCategory begin
09.03.2017 09:22:09 SEAMService getAllSEContainerCategory, got the results for database entries
09.03.2017 09:22:09 SEAMService getAllSEContainerCategory, calling getSEContainerIDsForSystem
09.03.2017 09:22:34 SEAMService checkSEAMSPermission: packageName:com.samsung.android.bbc.bbcagent
09.03.2017 09:22:34 SEAMService checkSEAMSPermission: packageName:com.samsung.android.bbc.bbcagent
09.03.2017 09:22:34 SEAMService checkSEAMSPermission: packageName:com.samsung.android.bbc.bbcagent
29.02.2016 10:25:11 SEAMService getAllSEContainerCategory begin
29.02.2016 10:25:11 SEAMService getAllSEContainerCategory, got the results for database entries
29.02.2016 10:25:11 SEAMService getAllSEContainerCategory, calling getSEContainerIDsForSystem
29.02.2016 10:25:11 SEAMService getAllSEContainerCategory begin
29.02.2016 10:25:11 SEAMService getAllSEContainerCategory, got the results for database entries
29.02.2016 10:25:11 SEAMService getAllSEContainerCategory, calling getSEContainerIDsForSystem
29.02.2016 10:25:40 SEAMService checkSEAMSPermission: packageName:com.samsung.android.bbc.bbcagent
29.02.2016 10:25:40 SEAMService checkSEAMSPermission: packageName:com.samsung.android.bbc.bbcagent
29.02.2016 10:25:41 SEAMService checkSEAMSPermission: packageName:com.samsung.android.bbc.bbcagent
29.02.2016 10:39:59 SEAMService getAllSEContainerCategory begin
29.02.2016 10:39:59 SEAMService getAllSEContainerCategory, got the results for database entries
29.02.2016 10:39:59 SEAMService getAllSEContainerCategory, calling getSEContainerIDsForSystem
29.02.2016 10:39:59 SEAMService getAllSEContainerCategory begin
29.02.2016 10:39:59 SEAMService getAllSEContainerCategory, got the results for database entries
29.02.2016 10:39:59 SEAMService getAllSEContainerCategory, calling getSEContainerIDsForSystem
29.02.2016 10:40:22 SEAMService checkSEAMSPermission: packageName:com.samsung.android.bbc.bbcagent
29.02.2016 10:40:22 SEAMService checkSEAMSPermission: packageName:com.samsung.android.bbc.bbcagent
29.02.2016 10:40:22 SEAMService checkSEAMSPermission: packageName:com.samsung.android.bbc.bbcagent
02.05.2017 15:02:02 SEAMService getAllSEContainerCategory begin
02.05.2017 15:02:02 SEAMService getAllSEContainerCategory, got the results for database entries
02.05.2017 15:02:02 SEAMService getAllSEContainerCategory, calling getSEContainerIDsForSystem
02.05.2017 15:02:02 SEAMService getAllSEContainerCategory begin
02.05.2017 15:02:02 SEAMService getAllSEContainerCategory, got the results for database entries
02.05.2017 15:02:02 SEAMService getAllSEContainerCategory, calling getSEContainerIDsForSystem
02.05.2017 15:02:31 SEAMService checkSEAMSPermission: packageName:com.samsung.android.bbc.bbcagent
02.05.2017 15:02:31 SEAMService checkSEAMSPermission: packageName:com.samsung.android.bbc.bbcagent
02.05.2017 15:02:31 SEAMService checkSEAMSPermission: packageName:com.samsung.android.bbc.bbcagent
07.05.2017 15:57:46 SEAMService getAllSEContainerCategory begin
07.05.2017 15:57:46 SEAMService getAllSEContainerCategory, got the results for database entries
07.05.2017 15:57:46 SEAMService getAllSEContainerCategory, calling getSEContainerIDsForSystem
07.05.2017 15:57:46 SEAMService getAllSEContainerCategory begin
07.05.2017 15:57:46 SEAMService getAllSEContainerCategory, got the results for database entries
07.05.2017 15:57:46 SEAMService getAllSEContainerCategory, calling getSEContainerIDsForSystem
07.05.2017 15:58:12 SEAMService checkSEAMSPermission: packageName:com.samsung.android.bbc.bbcagent
07.05.2017 15:58:12 SEAMService checkSEAMSPermission: packageName:com.samsung.android.bbc.bbcagent
07.05.2017 15:58:12 SEAMService checkSEAMSPermission: packageName:com.samsung.android.bbc.bbcagent
08.05.2017 09:29:32 SEAMService getAllSEContainerCategory begin
08.05.2017 09:29:32 SEAMService getAllSEContainerCategory, got the results for database entries
08.05.2017 09:29:32 SEAMService getAllSEContainerCategory, calling getSEContainerIDsForSystem
08.05.2017 09:29:32 SEAMService getAllSEContainerCategory begin
08.05.2017 09:29:32 SEAMService getAllSEContainerCategory, got the results for database entries
08.05.2017 09:29:32 SEAMService getAllSEContainerCategory, calling getSEContainerIDsForSystem
08.05.2017 09:29:58 SEAMService checkSEAMSPermission: packageName:com.samsung.android.bbc.bbcagent
08.05.2017 09:29:58 SEAMService checkSEAMSPermission: packageName:com.samsung.android.bbc.bbcagent
08.05.2017 09:29:58 SEAMService checkSEAMSPermission: packageName:com.samsung.android.bbc.bbcagent
15.05.2017 11:07:06 SEAMService getAllSEContainerCategory begin
15.05.2017 11:07:06 SEAMService getAllSEContainerCategory, got the results for database entries
15.05.2017 11:07:06 SEAMService getAllSEContainerCategory, calling getSEContainerIDsForSystem
15.05.2017 11:07:06 SEAMService getAllSEContainerCategory begin
15.05.2017 11:07:06 SEAMService getAllSEContainerCategory, got the results for database entries
15.05.2017 11:07:06 SEAMService getAllSEContainerCategory, calling getSEContainerIDsForSystem
15.05.2017 11:07:38 SEAMService checkSEAMSPermission: packageName:com.samsung.android.bbc.bbcagent
15.05.2017 11:07:38 SEAMService checkSEAMSPermission: packageName:com.samsung.android.bbc.bbcagent
15.05.2017 11:07:38 SEAMService checkSEAMSPermission: packageName:com.samsung.android.bbc.bbcagent
15.05.2017 16:24:04 SEAMService getAllSEContainerCategory begin
15.05.2017 16:24:04 SEAMService getAllSEContainerCategory, got the results for database entries
15.05.2017 16:24:04 SEAMService getAllSEContainerCategory, calling getSEContainerIDsForSystem
15.05.2017 16:24:04 SEAMService getAllSEContainerCategory begin
15.05.2017 16:24:04 SEAMService getAllSEContainerCategory, got the results for database entries
15.05.2017 16:24:04 SEAMService getAllSEContainerCategory, calling getSEContainerIDsForSystem
15.05.2017 16:24:33 SEAMService checkSEAMSPermission: packageName:com.samsung.android.bbc.bbcagent
15.05.2017 16:24:33 SEAMService checkSEAMSPermission: packageName:com.samsung.android.bbc.bbcagent
15.05.2017 16:24:33 SEAMService checkSEAMSPermission: packageName:com.samsung.android.bbc.bbcagent
18.05.2017 18:55:22 SEAMService getAllSEContainerCategory begin
18.05.2017 18:55:22 SEAMService getAllSEContainerCategory, got the results for database entries
18.05.2017 18:55:22 SEAMService getAllSEContainerCategory, calling getSEContainerIDsForSystem
18.05.2017 18:55:22 SEAMService getAllSEContainerCategory begin
18.05.2017 18:55:22 SEAMService getAllSEContainerCategory, got the results for database entries
18.05.2017 18:55:22 SEAMService getAllSEContainerCategory, calling getSEContainerIDsForSystem
18.05.2017 18:55:47 SEAMService checkSEAMSPermission: packageName:com.samsung.android.bbc.bbcagent
18.05.2017 18:55:47 SEAMService checkSEAMSPermission: packageName:com.samsung.android.bbc.bbcagent
18.05.2017 18:55:47 SEAMService checkSEAMSPermission: packageName:com.samsung.android.bbc.bbcagent
25.05.2017 14:33:27 SEAMService getAllSEContainerCategory begin
25.05.2017 14:33:27 SEAMService getAllSEContainerCategory, got the results for database entries
25.05.2017 14:33:27 SEAMService getAllSEContainerCategory, calling getSEContainerIDsForSystem
25.05.2017 14:33:27 SEAMService getAllSEContainerCategory begin
25.05.2017 14:33:27 SEAMService getAllSEContainerCategory, got the results for database entries
25.05.2017 14:33:27 SEAMService getAllSEContainerCategory, calling getSEContainerIDsForSystem
25.05.2017 14:33:54 SEAMService checkSEAMSPermission: packageName:com.samsung.android.bbc.bbcagent
25.05.2017 14:33:54 SEAMService checkSEAMSPermission: packageName:com.samsung.android.bbc.bbcagent
25.05.2017 14:33:54 SEAMService checkSEAMSPermission: packageName:com.samsung.android.bbc.bbcagent
11.06.2017 17:25:28 SEAMService getAllSEContainerCategory begin
11.06.2017 17:25:28 SEAMService getAllSEContainerCategory, got the results for database entries
11.06.2017 17:25:28 SEAMService getAllSEContainerCategory, calling getSEContainerIDsForSystem
11.06.2017 17:25:28 SEAMService getAllSEContainerCategory begin
11.06.2017 17:25:28 SEAMService getAllSEContainerCategory, got the results for database entries
11.06.2017 17:25:28 SEAMService getAllSEContainerCategory, calling getSEContainerIDsForSystem
11.06.2017 17:26:04 SEAMService checkSEAMSPermission: packageName:com.samsung.android.bbc.bbcagent
11.06.2017 17:26:04 SEAMService checkSEAMSPermission: packageName:com.samsung.android.bbc.bbcagent
11.06.2017 17:26:04 SEAMService checkSEAMSPermission: packageName:com.samsung.android.bbc.bbcagent
15.06.2017 09:51:22 SEAMService getAllSEContainerCategory begin
15.06.2017 09:51:22 SEAMService getAllSEContainerCategory, got the results for database entries
15.06.2017 09:51:22 SEAMService getAllSEContainerCategory, calling getSEContainerIDsForSystem
15.06.2017 09:51:22 SEAMService getAllSEContainerCategory begin
15.06.2017 09:51:22 SEAMService getAllSEContainerCategory, got the results for database entries
15.06.2017 09:51:22 SEAMService getAllSEContainerCategory, calling getSEContainerIDsForSystem
15.06.2017 09:51:50 SEAMService checkSEAMSPermission: packageName:com.samsung.android.bbc.bbcagent
15.06.2017 09:51:50 SEAMService checkSEAMSPermission: packageName:com.samsung.android.bbc.bbcagent
15.06.2017 09:51:50 SEAMService checkSEAMSPermission: packageName:com.samsung.android.bbc.bbcagent
19.06.2017 11:40:51 SEAMService getAllSEContainerCategory begin
19.06.2017 11:40:51 SEAMService getAllSEContainerCategory, got the results for database entries
19.06.2017 11:40:51 SEAMService getAllSEContainerCategory, calling getSEContainerIDsForSystem
19.06.2017 11:40:51 SEAMService getAllSEContainerCategory begin
19.06.2017 11:40:51 SEAMService getAllSEContainerCategory, got the results for database entries
19.06.2017 11:40:51 SEAMService getAllSEContainerCategory, calling getSEContainerIDsForSystem
19.06.2017 11:41:23 SEAMService checkSEAMSPermission: packageName:com.samsung.android.bbc.bbcagent
19.06.2017 11:41:23 SEAMService checkSEAMSPermission: packageName:com.samsung.android.bbc.bbcagent
19.06.2017 11:41:23 SEAMService checkSEAMSPermission: packageName:com.samsung.android.bbc.bbcagent
26.06.2017 16:39:49 SEAMService getAllSEContainerCategory begin
26.06.2017 16:39:49 SEAMService getAllSEContainerCategory, got the results for database entries
26.06.2017 16:39:49 SEAMService getAllSEContainerCategory, calling getSEContainerIDsForSystem
26.06.2017 16:39:50 SEAMService getAllSEContainerCategory begin
26.06.2017 16:39:50 SEAMService getAllSEContainerCategory, got the results for database entries
26.06.2017 16:39:50 SEAMService getAllSEContainerCategory, calling getSEContainerIDsForSystem
26.06.2017 16:40:20 SEAMService checkSEAMSPermission: packageName:com.samsung.android.bbc.bbcagent
26.06.2017 16:40:20 SEAMService checkSEAMSPermission: packageName:com.samsung.android.bbc.bbcagent
26.06.2017 16:40:20 SEAMService checkSEAMSPermission: packageName:com.samsung.android.bbc.bbcagent
29.06.2017 17:53:28 SEAMService getAllSEContainerCategory begin
29.06.2017 17:53:28 SEAMService getAllSEContainerCategory, got the results for database entries
29.06.2017 17:53:28 SEAMService getAllSEContainerCategory, calling getSEContainerIDsForSystem
29.06.2017 17:53:28 SEAMService getAllSEContainerCategory begin
29.06.2017 17:53:28 SEAMService getAllSEContainerCategory, got the results for database entries
29.06.2017 17:53:28 SEAMService getAllSEContainerCategory, calling getSEContainerIDsForSystem
29.06.2017 17:53:55 SEAMService checkSEAMSPermission: packageName:com.samsung.android.bbc.bbcagent
29.06.2017 17:53:55 SEAMService checkSEAMSPermission: packageName:com.samsung.android.bbc.bbcagent
29.06.2017 17:53:55 SEAMService checkSEAMSPermission: packageName:com.samsung.android.bbc.bbcagent
03.07.2017 10:46:32 SEAMService getAllSEContainerCategory begin
03.07.2017 10:46:32 SEAMService getAllSEContainerCategory, got the results for database entries
03.07.2017 10:46:32 SEAMService getAllSEContainerCategory, calling getSEContainerIDsForSystem
03.07.2017 10:46:32 SEAMService getAllSEContainerCategory begin
03.07.2017 10:46:32 SEAMService getAllSEContainerCategory, got the results for database entries
03.07.2017 10:46:32 SEAMService getAllSEContainerCategory, calling getSEContainerIDsForSystem
03.07.2017 10:47:05 SEAMService checkSEAMSPermission: packageName:com.samsung.android.bbc.bbcagent
03.07.2017 10:47:05 SEAMService checkSEAMSPermission: packageName:com.samsung.android.bbc.bbcagent
03.07.2017 10:47:05 SEAMService checkSEAMSPermission: packageName:com.samsung.android.bbc.bbcagent
13.04.2017 19:43:20 SEAMService getAllSEContainerCategory begin
13.04.2017 19:43:20 SEAMService getAllSEContainerCategory, got the results for database entries
13.04.2017 19:43:20 SEAMService getAllSEContainerCategory, calling getSEContainerIDsForSystem
13.04.2017 19:43:20 SEAMService getAllSEContainerCategory begin
13.04.2017 19:43:20 SEAMService getAllSEContainerCategory, got the results for database entries
13.04.2017 19:43:20 SEAMService getAllSEContainerCategory, calling getSEContainerIDsForSystem
16.07.2017 15:55:58 SEAMService checkSEAMSPermission: packageName:com.samsung.android.bbc.bbcagent
16.07.2017 15:55:58 SEAMService checkSEAMSPermission: packageName:com.samsung.android.bbc.bbcagent
16.07.2017 15:55:59 SEAMService checkSEAMSPermission: packageName:com.samsung.android.bbc.bbcagent
16.07.2017 16:08:39 SEAMService getAllSEContainerCategory begin
16.07.2017 16:08:39 SEAMService getAllSEContainerCategory, got the results for database entries
16.07.2017 16:08:39 SEAMService getAllSEContainerCategory, calling getSEContainerIDsForSystem
16.07.2017 16:08:39 SEAMService getAllSEContainerCategory begin
16.07.2017 16:08:39 SEAMService getAllSEContainerCategory, got the results for database entries
16.07.2017 16:08:39 SEAMService getAllSEContainerCategory, calling getSEContainerIDsForSystem
16.07.2017 16:09:05 SEAMService checkSEAMSPermission: packageName:com.samsung.android.bbc.bbcagent
16.07.2017 16:09:05 SEAMService checkSEAMSPermission: packageName:com.samsung.android.bbc.bbcagent
16.07.2017 16:09:05 SEAMService checkSEAMSPermission: packageName:com.samsung.android.bbc.bbcagent
26.07.2017 14:40:24 SEAMService getAllSEContainerCategory begin
26.07.2017 14:40:24 SEAMService getAllSEContainerCategory, got the results for database entries
26.07.2017 14:40:24 SEAMService getAllSEContainerCategory, calling getSEContainerIDsForSystem
26.07.2017 14:40:24 SEAMService getAllSEContainerCategory begin
26.07.2017 14:40:24 SEAMService getAllSEContainerCategory, got the results for database entries
26.07.2017 14:40:24 SEAMService getAllSEContainerCategory, calling getSEContainerIDsForSystem
26.07.2017 14:40:56 SEAMService checkSEAMSPermission: packageName:com.samsung.android.bbc.bbcagent
26.07.2017 14:40:56 SEAMService checkSEAMSPermission: packageName:com.samsung.android.bbc.bbcagent
26.07.2017 14:40:56 SEAMService checkSEAMSPermission: packageName:com.samsung.android.bbc.bbcagent
28.07.2017 19:38:06 SEAMService getAllSEContainerCategory begin
28.07.2017 19:38:06 SEAMService getAllSEContainerCategory, got the results for database entries
28.07.2017 19:38:06 SEAMService getAllSEContainerCategory, calling getSEContainerIDsForSystem
28.07.2017 19:38:06 SEAMService getAllSEContainerCategory begin
28.07.2017 19:38:06 SEAMService getAllSEContainerCategory, got the results for database entries
28.07.2017 19:38:06 SEAMService getAllSEContainerCategory, calling getSEContainerIDsForSystem
28.07.2017 19:38:35 SEAMService checkSEAMSPermission: packageName:com.samsung.android.bbc.bbcagent
28.07.2017 19:38:35 SEAMService checkSEAMSPermission: packageName:com.samsung.android.bbc.bbcagent
28.07.2017 19:38:35 SEAMService checkSEAMSPermission: packageName:com.samsung.android.bbc.bbcagent
30.07.2017 10:47:30 SEAMService getAllSEContainerCategory begin
30.07.2017 10:47:30 SEAMService getAllSEContainerCategory, got the results for database entries
30.07.2017 10:47:30 SEAMService getAllSEContainerCategory, calling getSEContainerIDsForSystem
30.07.2017 10:47:30 SEAMService getAllSEContainerCategory begin
30.07.2017 10:47:30 SEAMService getAllSEContainerCategory, got the results for database entries
30.07.2017 10:47:30 SEAMService getAllSEContainerCategory, calling getSEContainerIDsForSystem
30.07.2017 10:47:56 SEAMService checkSEAMSPermission: packageName:com.samsung.android.bbc.bbcagent
30.07.2017 10:47:56 SEAMService checkSEAMSPermission: packageName:com.samsung.android.bbc.bbcagent
30.07.2017 10:47:56 SEAMService checkSEAMSPermission: packageName:com.samsung.android.bbc.bbcagent
30.07.2017 18:45:33 SEAMService caller is  system_server..proceed
30.07.2017 18:45:33 SEAMService cvOld is null or size is 0
30.07.2017 18:45:33 SEAMService the clipboard status for container:0 does not exist
10.08.2017 15:36:54 SEAMService getAllSEContainerCategory begin
10.08.2017 15:36:54 SEAMService getAllSEContainerCategory, got the results for database entries
10.08.2017 15:36:54 SEAMService getAllSEContainerCategory, calling getSEContainerIDsForSystem
10.08.2017 15:36:55 SEAMService getAllSEContainerCategory begin
10.08.2017 15:36:55 SEAMService getAllSEContainerCategory, got the results for database entries
10.08.2017 15:36:55 SEAMService getAllSEContainerCategory, calling getSEContainerIDsForSystem
10.08.2017 15:37:39 SEAMService checkSEAMSPermission: packageName:com.samsung.android.bbc.bbcagent
10.08.2017 15:37:39 SEAMService checkSEAMSPermission: packageName:com.samsung.android.bbc.bbcagent
10.08.2017 15:37:39 SEAMService checkSEAMSPermission: packageName:com.samsung.android.bbc.bbcagent
18.08.2017 15:59:32 SEAMService getAllSEContainerCategory begin
18.08.2017 15:59:32 SEAMService getAllSEContainerCategory, got the results for database entries
18.08.2017 15:59:32 SEAMService getAllSEContainerCategory, calling getSEContainerIDsForSystem
18.08.2017 15:59:32 SEAMService getAllSEContainerCategory begin
18.08.2017 15:59:32 SEAMService getAllSEContainerCategory, got the results for database entries
18.08.2017 15:59:32 SEAMService getAllSEContainerCategory, calling getSEContainerIDsForSystem
18.08.2017 16:00:03 SEAMService checkSEAMSPermission: packageName:com.samsung.android.bbc.bbcagent
18.08.2017 16:00:03 SEAMService checkSEAMSPermission: packageName:com.samsung.android.bbc.bbcagent
18.08.2017 16:00:03 SEAMService checkSEAMSPermission: packageName:com.samsung.android.bbc.bbcagent
29.08.2017 11:16:26 SEAMService getAllSEContainerCategory begin
29.08.2017 11:16:26 SEAMService getAllSEContainerCategory, got the results for database entries
29.08.2017 11:16:26 SEAMService getAllSEContainerCategory, calling getSEContainerIDsForSystem
29.08.2017 11:16:26 SEAMService getAllSEContainerCategory begin
29.08.2017 11:16:26 SEAMService getAllSEContainerCategory, got the results for database entries
29.08.2017 11:16:26 SEAMService getAllSEContainerCategory, calling getSEContainerIDsForSystem
29.08.2017 11:17:12 SEAMService checkSEAMSPermission: packageName:com.samsung.android.bbc.bbcagent
29.08.2017 11:17:12 SEAMService checkSEAMSPermission: packageName:com.samsung.android.bbc.bbcagent
29.08.2017 11:17:12 SEAMService checkSEAMSPermission: packageName:com.samsung.android.bbc.bbcagent
30.08.2017 10:19:05 SEAMService getAllSEContainerCategory begin
30.08.2017 10:19:05 SEAMService getAllSEContainerCategory, got the results for database entries
30.08.2017 10:19:05 SEAMService getAllSEContainerCategory, calling getSEContainerIDsForSystem
30.08.2017 10:19:05 SEAMService getAllSEContainerCategory begin
30.08.2017 10:19:05 SEAMService getAllSEContainerCategory, got the results for database entries
30.08.2017 10:19:05 SEAMService getAllSEContainerCategory, calling getSEContainerIDsForSystem
30.08.2017 10:19:31 SEAMService checkSEAMSPermission: packageName:com.samsung.android.bbc.bbcagent
30.08.2017 10:19:31 SEAMService checkSEAMSPermission: packageName:com.samsung.android.bbc.bbcagent
30.08.2017 10:19:31 SEAMService checkSEAMSPermission: packageName:com.samsung.android.bbc.bbcagent
31.08.2017 14:41:14 SEAMService getAllSEContainerCategory begin
31.08.2017 14:41:14 SEAMService getAllSEContainerCategory, got the results for database entries
31.08.2017 14:41:14 SEAMService getAllSEContainerCategory, calling getSEContainerIDsForSystem
31.08.2017 14:41:14 SEAMService getAllSEContainerCategory begin
31.08.2017 14:41:14 SEAMService getAllSEContainerCategory, got the results for database entries
31.08.2017 14:41:14 SEAMService getAllSEContainerCategory, calling getSEContainerIDsForSystem
31.08.2017 14:41:47 SEAMService checkSEAMSPermission: packageName:com.samsung.android.bbc.bbcagent
31.08.2017 14:41:47 SEAMService checkSEAMSPermission: packageName:com.samsung.android.bbc.bbcagent
31.08.2017 14:41:47 SEAMService checkSEAMSPermission: packageName:com.samsung.android.bbc.bbcagent
19.09.2017 10:44:09 SEAMService getAllSEContainerCategory begin
19.09.2017 10:44:09 SEAMService getAllSEContainerCategory, got the results for database entries
19.09.2017 10:44:09 SEAMService getAllSEContainerCategory, calling getSEContainerIDsForSystem
19.09.2017 10:44:09 SEAMService getAllSEContainerCategory begin
19.09.2017 10:44:09 SEAMService getAllSEContainerCategory, got the results for database entries
19.09.2017 10:44:09 SEAMService getAllSEContainerCategory, calling getSEContainerIDsForSystem
19.09.2017 10:44:43 SEAMService checkSEAMSPermission: packageName:com.samsung.android.bbc.bbcagent
19.09.2017 10:44:43 SEAMService checkSEAMSPermission: packageName:com.samsung.android.bbc.bbcagent
19.09.2017 10:44:44 SEAMService checkSEAMSPermission: packageName:com.samsung.android.bbc.bbcagent
20.09.2017 10:00:57 SEAMService caller is  system_server..proceed
20.09.2017 10:00:57 SEAMService cvOld is null or size is 0
20.09.2017 10:00:57 SEAMService the clipboard status for container:0 does not exist
20.09.2017 10:08:01 SEAMService caller is  system_server..proceed
20.09.2017 10:08:01 SEAMService cvOld is null or size is 0
20.09.2017 10:08:01 SEAMService the clipboard status for container:0 does not exist
20.09.2017 10:08:06 SEAMService caller is  system_server..proceed
20.09.2017 10:08:06 SEAMService cvOld is null or size is 0
20.09.2017 10:08:06 SEAMService the clipboard status for container:0 does not exist
20.09.2017 11:16:41 SEAMService caller is  system_server..proceed
20.09.2017 11:16:41 SEAMService cvOld is null or size is 0
20.09.2017 11:16:41 SEAMService the clipboard status for container:0 does not exist
20.09.2017 11:23:40 SEAMService caller is  system_server..proceed
20.09.2017 11:23:40 SEAMService cvOld is null or size is 0
20.09.2017 11:23:40 SEAMService the clipboard status for container:0 does not exist
20.09.2017 11:23:56 SEAMService caller is  system_server..proceed
20.09.2017 11:23:56 SEAMService cvOld is null or size is 0
20.09.2017 11:23:56 SEAMService the clipboard status for container:0 does not exist
20.09.2017 11:27:16 SEAMService caller is  system_server..proceed
20.09.2017 11:27:16 SEAMService cvOld is null or size is 0
20.09.2017 11:27:16 SEAMService the clipboard status for container:0 does not exist
20.09.2017 11:27:52 SEAMService caller is  system_server..proceed
20.09.2017 11:27:52 SEAMService cvOld is null or size is 0
20.09.2017 11:27:52 SEAMService the clipboard status for container:0 does not exist
20.09.2017 11:30:31 SEAMService caller is  system_server..proceed
20.09.2017 11:30:31 SEAMService cvOld is null or size is 0
20.09.2017 11:30:31 SEAMService the clipboard status for container:0 does not exist
20.09.2017 11:30:39 SEAMService caller is  system_server..proceed
20.09.2017 11:30:39 SEAMService cvOld is null or size is 0
20.09.2017 11:30:39 SEAMService the clipboard status for container:0 does not exist
20.09.2017 11:37:16 SEAMService caller is  system_server..proceed
20.09.2017 11:37:16 SEAMService cvOld is null or size is 0
20.09.2017 11:37:16 SEAMService the clipboard status for container:0 does not exist
20.09.2017 11:37:29 SEAMService caller is  system_server..proceed
20.09.2017 11:37:29 SEAMService cvOld is null or size is 0
20.09.2017 11:37:29 SEAMService the clipboard status for container:0 does not exist
20.09.2017 11:37:47 SEAMService caller is  system_server..proceed
20.09.2017 11:37:47 SEAMService cvOld is null or size is 0
20.09.2017 11:37:47 SEAMService the clipboard status for container:0 does not exist
20.09.2017 14:22:23 SEAMService caller is  system_server..proceed
20.09.2017 14:22:23 SEAMService cvOld is null or size is 0
20.09.2017 14:22:23 SEAMService the clipboard status for container:0 does not exist
20.09.2017 16:40:45 SEAMService caller is  system_server..proceed
20.09.2017 16:40:45 SEAMService cvOld is null or size is 0
20.09.2017 16:40:45 SEAMService the clipboard status for container:0 does not exist
21.09.2017 15:16:30 SEAMService getAllSEContainerCategory begin
21.09.2017 15:16:30 SEAMService getAllSEContainerCategory, got the results for database entries
21.09.2017 15:16:30 SEAMService getAllSEContainerCategory, calling getSEContainerIDsForSystem
21.09.2017 15:16:30 SEAMService getAllSEContainerCategory begin
21.09.2017 15:16:30 SEAMService getAllSEContainerCategory, got the results for database entries
21.09.2017 15:16:30 SEAMService getAllSEContainerCategory, calling getSEContainerIDsForSystem
21.09.2017 15:16:59 SEAMService checkSEAMSPermission: packageName:com.samsung.android.bbc.bbcagent
21.09.2017 15:16:59 SEAMService checkSEAMSPermission: packageName:com.samsung.android.bbc.bbcagent
21.09.2017 15:16:59 SEAMService checkSEAMSPermission: packageName:com.samsung.android.bbc.bbcagent
21.09.2017 16:19:09 SEAMService getAllSEContainerCategory begin
21.09.2017 16:19:09 SEAMService getAllSEContainerCategory, got the results for database entries
21.09.2017 16:19:09 SEAMService getAllSEContainerCategory, calling getSEContainerIDsForSystem
21.09.2017 16:19:09 SEAMService getAllSEContainerCategory begin
21.09.2017 16:19:09 SEAMService getAllSEContainerCategory, got the results for database entries
21.09.2017 16:19:09 SEAMService getAllSEContainerCategory, calling getSEContainerIDsForSystem
21.09.2017 16:19:34 SEAMService checkSEAMSPermission: packageName:com.samsung.android.bbc.bbcagent
21.09.2017 16:19:34 SEAMService checkSEAMSPermission: packageName:com.samsung.android.bbc.bbcagent
21.09.2017 16:19:34 SEAMService checkSEAMSPermission: packageName:com.samsung.android.bbc.bbcagent
10.10.2017 09:39:51 SEAMService getAllSEContainerCategory begin
10.10.2017 09:39:51 SEAMService getAllSEContainerCategory, got the results for database entries
10.10.2017 09:39:51 SEAMService getAllSEContainerCategory, calling getSEContainerIDsForSystem
10.10.2017 09:39:51 SEAMService getAllSEContainerCategory begin
10.10.2017 09:39:51 SEAMService getAllSEContainerCategory, got the results for database entries
10.10.2017 09:39:51 SEAMService getAllSEContainerCategory, calling getSEContainerIDsForSystem
10.10.2017 09:40:29 SEAMService checkSEAMSPermission: packageName:com.samsung.android.bbc.bbcagent
10.10.2017 09:40:29 SEAMService checkSEAMSPermission: packageName:com.samsung.android.bbc.bbcagent
10.10.2017 09:40:29 SEAMService checkSEAMSPermission: packageName:com.samsung.android.bbc.bbcagent
12.10.2017 09:53:08 SEAMService getAllSEContainerCategory begin
12.10.2017 09:53:08 SEAMService getAllSEContainerCategory, got the results for database entries
12.10.2017 09:53:08 SEAMService getAllSEContainerCategory, calling getSEContainerIDsForSystem
12.10.2017 09:53:08 SEAMService getAllSEContainerCategory begin
12.10.2017 09:53:08 SEAMService getAllSEContainerCategory, got the results for database entries
12.10.2017 09:53:08 SEAMService getAllSEContainerCategory, calling getSEContainerIDsForSystem
12.10.2017 09:53:39 SEAMService checkSEAMSPermission: packageName:com.samsung.android.bbc.bbcagent
12.10.2017 09:53:40 SEAMService checkSEAMSPermission: packageName:com.samsung.android.bbc.bbcagent
12.10.2017 09:53:40 SEAMService checkSEAMSPermission: packageName:com.samsung.android.bbc.bbcagent
15.10.2017 09:38:14 SEAMService getAllSEContainerCategory begin
15.10.2017 09:38:14 SEAMService getAllSEContainerCategory, got the results for database entries
15.10.2017 09:38:14 SEAMService getAllSEContainerCategory, calling getSEContainerIDsForSystem
15.10.2017 09:38:14 SEAMService getAllSEContainerCategory begin
15.10.2017 09:38:14 SEAMService getAllSEContainerCategory, got the results for database entries
15.10.2017 09:38:14 SEAMService getAllSEContainerCategory, calling getSEContainerIDsForSystem
15.10.2017 09:38:40 SEAMService checkSEAMSPermission: packageName:com.samsung.android.bbc.bbcagent
15.10.2017 09:38:40 SEAMService checkSEAMSPermission: packageName:com.samsung.android.bbc.bbcagent
15.10.2017 09:38:40 SEAMService checkSEAMSPermission: packageName:com.samsung.android.bbc.bbcagent
16.10.2017 14:49:19 SEAMService getAllSEContainerCategory begin
16.10.2017 14:49:19 SEAMService getAllSEContainerCategory, got the results for database entries
16.10.2017 14:49:19 SEAMService getAllSEContainerCategory, calling getSEContainerIDsForSystem
16.10.2017 14:49:20 SEAMService getAllSEContainerCategory begin
16.10.2017 14:49:20 SEAMService getAllSEContainerCategory, got the results for database entries
16.10.2017 14:49:20 SEAMService getAllSEContainerCategory, calling getSEContainerIDsForSystem
16.10.2017 14:49:49 SEAMService checkSEAMSPermission: packageName:com.samsung.android.bbc.bbcagent
16.10.2017 14:49:49 SEAMService checkSEAMSPermission: packageName:com.samsung.android.bbc.bbcagent
16.10.2017 14:49:49 SEAMService checkSEAMSPermission: packageName:com.samsung.android.bbc.bbcagent
19.10.2017 11:23:41 SEAMService getAllSEContainerCategory begin
19.10.2017 11:23:41 SEAMService getAllSEContainerCategory, got the results for database entries
19.10.2017 11:23:41 SEAMService getAllSEContainerCategory, calling getSEContainerIDsForSystem
19.10.2017 11:23:41 SEAMService getAllSEContainerCategory begin
19.10.2017 11:23:41 SEAMService getAllSEContainerCategory, got the results for database entries
19.10.2017 11:23:41 SEAMService getAllSEContainerCategory, calling getSEContainerIDsForSystem
19.10.2017 11:24:14 SEAMService checkSEAMSPermission: packageName:com.samsung.android.bbc.bbcagent
19.10.2017 11:24:14 SEAMService checkSEAMSPermission: packageName:com.samsung.android.bbc.bbcagent
19.10.2017 11:24:14 SEAMService checkSEAMSPermission: packageName:com.samsung.android.bbc.bbcagent
20.10.2017 15:31:47 SEAMService getAllSEContainerCategory begin
20.10.2017 15:31:47 SEAMService getAllSEContainerCategory, got the results for database entries
20.10.2017 15:31:47 SEAMService getAllSEContainerCategory, calling getSEContainerIDsForSystem
20.10.2017 15:31:47 SEAMService getAllSEContainerCategory begin
20.10.2017 15:31:47 SEAMService getAllSEContainerCategory, got the results for database entries
20.10.2017 15:31:47 SEAMService getAllSEContainerCategory, calling getSEContainerIDsForSystem
20.10.2017 15:32:20 SEAMService checkSEAMSPermission: packageName:com.samsung.android.bbc.bbcagent
20.10.2017 15:32:20 SEAMService checkSEAMSPermission: packageName:com.samsung.android.bbc.bbcagent
20.10.2017 15:32:20 SEAMService checkSEAMSPermission: packageName:com.samsung.android.bbc.bbcagent
01.11.2017 16:01:07 SEAMService getAllSEContainerCategory begin
01.11.2017 16:01:07 SEAMService getAllSEContainerCategory, got the results for database entries
01.11.2017 16:01:07 SEAMService getAllSEContainerCategory, calling getSEContainerIDsForSystem
01.11.2017 16:01:07 SEAMService getAllSEContainerCategory begin
01.11.2017 16:01:07 SEAMService getAllSEContainerCategory, got the results for database entries
01.11.2017 16:01:07 SEAMService getAllSEContainerCategory, calling getSEContainerIDsForSystem
01.11.2017 16:01:33 SEAMService checkSEAMSPermission: packageName:com.samsung.android.bbc.bbcagent
01.11.2017 16:01:33 SEAMService checkSEAMSPermission: packageName:com.samsung.android.bbc.bbcagent
01.11.2017 16:01:33 SEAMService checkSEAMSPermission: packageName:com.samsung.android.bbc.bbcagent
02.11.2017 11:59:06 SEAMService getAllSEContainerCategory begin
02.11.2017 11:59:06 SEAMService getAllSEContainerCategory, got the results for database entries
02.11.2017 11:59:06 SEAMService getAllSEContainerCategory, calling getSEContainerIDsForSystem
02.11.2017 11:59:06 SEAMService getAllSEContainerCategory begin
02.11.2017 11:59:06 SEAMService getAllSEContainerCategory, got the results for database entries
02.11.2017 11:59:06 SEAMService getAllSEContainerCategory, calling getSEContainerIDsForSystem
02.11.2017 11:59:36 SEAMService checkSEAMSPermission: packageName:com.samsung.android.bbc.bbcagent
02.11.2017 11:59:36 SEAMService checkSEAMSPermission: packageName:com.samsung.android.bbc.bbcagent
02.11.2017 11:59:36 SEAMService checkSEAMSPermission: packageName:com.samsung.android.bbc.bbcagent
02.11.2017 14:03:16 SEAMService getAllSEContainerCategory begin
02.11.2017 14:03:16 SEAMService getAllSEContainerCategory, got the results for database entries
02.11.2017 14:03:16 SEAMService getAllSEContainerCategory, calling getSEContainerIDsForSystem
02.11.2017 14:03:16 SEAMService getAllSEContainerCategory begin
02.11.2017 14:03:16 SEAMService getAllSEContainerCategory, got the results for database entries
02.11.2017 14:03:16 SEAMService getAllSEContainerCategory, calling getSEContainerIDsForSystem
02.11.2017 14:03:43 SEAMService checkSEAMSPermission: packageName:com.samsung.android.bbc.bbcagent
02.11.2017 14:03:43 SEAMService checkSEAMSPermission: packageName:com.samsung.android.bbc.bbcagent
02.11.2017 14:03:43 SEAMService checkSEAMSPermission: packageName:com.samsung.android.bbc.bbcagent
06.11.2017 12:39:38 SEAMService getAllSEContainerCategory begin
06.11.2017 12:39:38 SEAMService getAllSEContainerCategory, got the results for database entries
06.11.2017 12:39:38 SEAMService getAllSEContainerCategory, calling getSEContainerIDsForSystem
06.11.2017 12:39:38 SEAMService getAllSEContainerCategory begin
06.11.2017 12:39:38 SEAMService getAllSEContainerCategory, got the results for database entries
06.11.2017 12:39:38 SEAMService getAllSEContainerCategory, calling getSEContainerIDsForSystem
06.11.2017 12:40:05 SEAMService checkSEAMSPermission: packageName:com.samsung.android.bbc.bbcagent
06.11.2017 12:40:05 SEAMService checkSEAMSPermission: packageName:com.samsung.android.bbc.bbcagent
06.11.2017 12:40:05 SEAMService checkSEAMSPermission: packageName:com.samsung.android.bbc.bbcagent
06.11.2017 12:56:02 SEAMService getAllSEContainerCategory begin
06.11.2017 12:56:02 SEAMService getAllSEContainerCategory, got the results for database entries
06.11.2017 12:56:02 SEAMService getAllSEContainerCategory, calling getSEContainerIDsForSystem
06.11.2017 12:56:02 SEAMService getAllSEContainerCategory begin
06.11.2017 12:56:02 SEAMService getAllSEContainerCategory, got the results for database entries
06.11.2017 12:56:02 SEAMService getAllSEContainerCategory, calling getSEContainerIDsForSystem
06.11.2017 12:56:50 SEAMService checkSEAMSPermission: packageName:com.samsung.android.bbc.bbcagent
06.11.2017 12:56:50 SEAMService checkSEAMSPermission: packageName:com.samsung.android.bbc.bbcagent
06.11.2017 12:56:51 SEAMService checkSEAMSPermission: packageName:com.samsung.android.bbc.bbcagent
06.11.2017 17:07:25 SEAMService getAllSEContainerCategory begin
06.11.2017 17:07:25 SEAMService getAllSEContainerCategory, got the results for database entries
06.11.2017 17:07:25 SEAMService getAllSEContainerCategory, calling getSEContainerIDsForSystem
06.11.2017 17:07:25 SEAMService getAllSEContainerCategory begin
06.11.2017 17:07:25 SEAMService getAllSEContainerCategory, got the results for database entries
06.11.2017 17:07:25 SEAMService getAllSEContainerCategory, calling getSEContainerIDsForSystem
06.11.2017 17:08:03 SEAMService checkSEAMSPermission: packageName:com.samsung.android.bbc.bbcagent
06.11.2017 17:08:03 SEAMService checkSEAMSPermission: packageName:com.samsung.android.bbc.bbcagent
06.11.2017 17:08:03 SEAMService checkSEAMSPermission: packageName:com.samsung.android.bbc.bbcagent
10.11.2017 10:41:54 SEAMService getAllSEContainerCategory begin
10.11.2017 10:41:54 SEAMService getAllSEContainerCategory, got the results for database entries
10.11.2017 10:41:54 SEAMService getAllSEContainerCategory, calling getSEContainerIDsForSystem
10.11.2017 10:41:54 SEAMService getAllSEContainerCategory begin
10.11.2017 10:41:54 SEAMService getAllSEContainerCategory, got the results for database entries
10.11.2017 10:41:54 SEAMService getAllSEContainerCategory, calling getSEContainerIDsForSystem
10.11.2017 10:42:26 SEAMService checkSEAMSPermission: packageName:com.samsung.android.bbc.bbcagent
10.11.2017 10:42:26 SEAMService checkSEAMSPermission: packageName:com.samsung.android.bbc.bbcagent
10.11.2017 10:42:26 SEAMService checkSEAMSPermission: packageName:com.samsung.android.bbc.bbcagent
22.11.2017 18:35:45 SEAMService getAllSEContainerCategory begin
22.11.2017 18:35:45 SEAMService getAllSEContainerCategory, got the results for database entries
22.11.2017 18:35:45 SEAMService getAllSEContainerCategory, calling getSEContainerIDsForSystem
22.11.2017 18:35:45 SEAMService getAllSEContainerCategory begin
22.11.2017 18:35:45 SEAMService getAllSEContainerCategory, got the results for database entries
22.11.2017 18:35:45 SEAMService getAllSEContainerCategory, calling getSEContainerIDsForSystem
22.11.2017 18:36:09 SEAMService checkSEAMSPermission: packageName:com.samsung.android.bbc.bbcagent
22.11.2017 18:36:09 SEAMService checkSEAMSPermission: packageName:com.samsung.android.bbc.bbcagent
22.11.2017 18:36:09 SEAMService checkSEAMSPermission: packageName:com.samsung.android.bbc.bbcagent
26.11.2017 10:54:30 SEAMService getAllSEContainerCategory begin
26.11.2017 10:54:30 SEAMService getAllSEContainerCategory, got the results for database entries
26.11.2017 10:54:30 SEAMService getAllSEContainerCategory, calling getSEContainerIDsForSystem
26.11.2017 10:54:30 SEAMService getAllSEContainerCategory begin
26.11.2017 10:54:30 SEAMService getAllSEContainerCategory, got the results for database entries
26.11.2017 10:54:30 SEAMService getAllSEContainerCategory, calling getSEContainerIDsForSystem
26.11.2017 10:55:05 SEAMService checkSEAMSPermission: packageName:com.samsung.android.bbc.bbcagent
26.11.2017 10:55:05 SEAMService checkSEAMSPermission: packageName:com.samsung.android.bbc.bbcagent
26.11.2017 10:55:05 SEAMService checkSEAMSPermission: packageName:com.samsung.android.bbc.bbcagent
04.12.2017 10:47:10 SEAMService getAllSEContainerCategory begin
04.12.2017 10:47:10 SEAMService getAllSEContainerCategory, got the results for database entries
04.12.2017 10:47:10 SEAMService getAllSEContainerCategory, calling getSEContainerIDsForSystem
04.12.2017 10:47:10 SEAMService getAllSEContainerCategory begin
04.12.2017 10:47:10 SEAMService getAllSEContainerCategory, got the results for database entries
04.12.2017 10:47:10 SEAMService getAllSEContainerCategory, calling getSEContainerIDsForSystem
04.12.2017 10:47:38 SEAMService checkSEAMSPermission: packageName:com.samsung.android.bbc.bbcagent
04.12.2017 10:47:39 SEAMService checkSEAMSPermission: packageName:com.samsung.android.bbc.bbcagent
04.12.2017 10:47:39 SEAMService checkSEAMSPermission: packageName:com.samsung.android.bbc.bbcagent
04.12.2017 11:34:36 SEAMService caller is  system_server..proceed
04.12.2017 11:34:36 SEAMService cvOld is null or size is 0
04.12.2017 11:34:36 SEAMService the clipboard status for container:0 does not exist
06.12.2017 11:30:16 SEAMService getAllSEContainerCategory begin
06.12.2017 11:30:16 SEAMService getAllSEContainerCategory, got the results for database entries
06.12.2017 11:30:16 SEAMService getAllSEContainerCategory, calling getSEContainerIDsForSystem
06.12.2017 11:30:16 SEAMService getAllSEContainerCategory begin
06.12.2017 11:30:16 SEAMService getAllSEContainerCategory, got the results for database entries
06.12.2017 11:30:16 SEAMService getAllSEContainerCategory, calling getSEContainerIDsForSystem
06.12.2017 11:30:45 SEAMService checkSEAMSPermission: packageName:com.samsung.android.bbc.bbcagent
06.12.2017 11:30:45 SEAMService checkSEAMSPermission: packageName:com.samsung.android.bbc.bbcagent
06.12.2017 11:30:45 SEAMService checkSEAMSPermission: packageName:com.samsung.android.bbc.bbcagent
06.12.2017 11:43:57 SEAMService caller is  system_server..proceed
06.12.2017 11:43:57 SEAMService cvOld is null or size is 0
06.12.2017 11:43:57 SEAMService the clipboard status for container:0 does not exist
06.12.2017 18:08:59 SEAMService getAllSEContainerCategory begin
06.12.2017 18:08:59 SEAMService getAllSEContainerCategory, got the results for database entries
06.12.2017 18:08:59 SEAMService getAllSEContainerCategory, calling getSEContainerIDsForSystem
06.12.2017 18:08:59 SEAMService getAllSEContainerCategory begin
06.12.2017 18:08:59 SEAMService getAllSEContainerCategory, got the results for database entries
06.12.2017 18:08:59 SEAMService getAllSEContainerCategory, calling getSEContainerIDsForSystem
06.12.2017 18:09:24 SEAMService checkSEAMSPermission: packageName:com.samsung.android.bbc.bbcagent
06.12.2017 18:09:24 SEAMService checkSEAMSPermission: packageName:com.samsung.android.bbc.bbcagent
06.12.2017 18:09:24 SEAMService checkSEAMSPermission: packageName:com.samsung.android.bbc.bbcagent
07.12.2017 10:20:10 SEAMService caller is  system_server..proceed
07.12.2017 10:20:10 SEAMService cvOld is null or size is 0
07.12.2017 10:20:10 SEAMService the clipboard status for container:0 does not exist
07.12.2017 10:34:17 SEAMService caller is  system_server..proceed
07.12.2017 10:34:17 SEAMService cvOld is null or size is 0
07.12.2017 10:34:17 SEAMService the clipboard status for container:0 does not exist
07.12.2017 10:42:14 SEAMService caller is  system_server..proceed
07.12.2017 10:42:14 SEAMService cvOld is null or size is 0
07.12.2017 10:42:14 SEAMService the clipboard status for container:0 does not exist
07.12.2017 10:49:18 SEAMService caller is  system_server..proceed
07.12.2017 10:49:18 SEAMService cvOld is null or size is 0
07.12.2017 10:49:18 SEAMService the clipboard status for container:0 does not exist
07.12.2017 10:55:32 SEAMService caller is  system_server..proceed
07.12.2017 10:55:32 SEAMService cvOld is null or size is 0
07.12.2017 10:55:32 SEAMService the clipboard status for container:0 does not exist
07.12.2017 10:55:43 SEAMService caller is  system_server..proceed
07.12.2017 10:55:43 SEAMService cvOld is null or size is 0
07.12.2017 10:55:43 SEAMService the clipboard status for container:0 does not exist
07.12.2017 11:28:17 SEAMService caller is  system_server..proceed
07.12.2017 11:28:17 SEAMService cvOld is null or size is 0
07.12.2017 11:28:17 SEAMService the clipboard status for container:0 does not exist
07.12.2017 11:28:49 SEAMService caller is  system_server..proceed
07.12.2017 11:28:49 SEAMService cvOld is null or size is 0
07.12.2017 11:28:49 SEAMService the clipboard status for container:0 does not exist
07.12.2017 11:40:40 SEAMService caller is  system_server..proceed
07.12.2017 11:40:40 SEAMService cvOld is null or size is 0
07.12.2017 11:40:40 SEAMService the clipboard status for container:0 does not exist
07.12.2017 11:40:42 SEAMService caller is  system_server..proceed
07.12.2017 11:40:42 SEAMService cvOld is null or size is 0
07.12.2017 11:40:42 SEAMService the clipboard status for container:0 does not exist
07.12.2017 11:40:52 SEAMService caller is  system_server..proceed
07.12.2017 11:40:52 SEAMService cvOld is null or size is 0
07.12.2017 11:40:52 SEAMService the clipboard status for container:0 does not exist
07.12.2017 12:04:08 SEAMService caller is  system_server..proceed
07.12.2017 12:04:08 SEAMService cvOld is null or size is 0
07.12.2017 12:04:08 SEAMService the clipboard status for container:0 does not exist
07.12.2017 12:07:28 SEAMService caller is  system_server..proceed
07.12.2017 12:07:28 SEAMService cvOld is null or size is 0
07.12.2017 12:07:28 SEAMService the clipboard status for container:0 does not exist
07.12.2017 12:10:25 SEAMService caller is  system_server..proceed
07.12.2017 12:10:25 SEAMService cvOld is null or size is 0
07.12.2017 12:10:25 SEAMService the clipboard status for container:0 does not exist
07.12.2017 12:10:33 SEAMService caller is  system_server..proceed
07.12.2017 12:10:33 SEAMService cvOld is null or size is 0
07.12.2017 12:10:33 SEAMService the clipboard status for container:0 does not exist
07.12.2017 12:22:36 SEAMService caller is  system_server..proceed
07.12.2017 12:22:36 SEAMService cvOld is null or size is 0
07.12.2017 12:22:36 SEAMService the clipboard status for container:0 does not exist
07.12.2017 13:38:40 SEAMService caller is  system_server..proceed
07.12.2017 13:38:40 SEAMService cvOld is null or size is 0
07.12.2017 13:38:40 SEAMService the clipboard status for container:0 does not exist
08.12.2017 18:59:41 SEAMService getAllSEContainerCategory begin
08.12.2017 18:59:41 SEAMService getAllSEContainerCategory, got the results for database entries
08.12.2017 18:59:41 SEAMService getAllSEContainerCategory, calling getSEContainerIDsForSystem
08.12.2017 18:59:41 SEAMService getAllSEContainerCategory begin
08.12.2017 18:59:41 SEAMService getAllSEContainerCategory, got the results for database entries
08.12.2017 18:59:41 SEAMService getAllSEContainerCategory, calling getSEContainerIDsForSystem
08.12.2017 19:00:08 SEAMService checkSEAMSPermission: packageName:com.samsung.android.bbc.bbcagent
08.12.2017 19:00:09 SEAMService checkSEAMSPermission: packageName:com.samsung.android.bbc.bbcagent
08.12.2017 19:00:09 SEAMService checkSEAMSPermission: packageName:com.samsung.android.bbc.bbcagent
20.12.2017 09:42:49 SEAMService getAllSEContainerCategory begin
20.12.2017 09:42:49 SEAMService getAllSEContainerCategory, got the results for database entries
20.12.2017 09:42:49 SEAMService getAllSEContainerCategory, calling getSEContainerIDsForSystem
20.12.2017 09:42:49 SEAMService getAllSEContainerCategory begin
20.12.2017 09:42:49 SEAMService getAllSEContainerCategory, got the results for database entries
20.12.2017 09:42:49 SEAMService getAllSEContainerCategory, calling getSEContainerIDsForSystem
20.12.2017 09:43:15 SEAMService checkSEAMSPermission: packageName:com.samsung.android.bbc.bbcagent
20.12.2017 09:43:15 SEAMService checkSEAMSPermission: packageName:com.samsung.android.bbc.bbcagent
20.12.2017 09:43:15 SEAMService checkSEAMSPermission: packageName:com.samsung.android.bbc.bbcagent
20.12.2017 16:51:00 SEAMService getAllSEContainerCategory begin
20.12.2017 16:51:00 SEAMService getAllSEContainerCategory, got the results for database entries
20.12.2017 16:51:00 SEAMService getAllSEContainerCategory, calling getSEContainerIDsForSystem
20.12.2017 16:51:00 SEAMService getAllSEContainerCategory begin
20.12.2017 16:51:00 SEAMService getAllSEContainerCategory, got the results for database entries
20.12.2017 16:51:00 SEAMService getAllSEContainerCategory, calling getSEContainerIDsForSystem
20.12.2017 16:51:27 SEAMService checkSEAMSPermission: packageName:com.samsung.android.bbc.bbcagent
20.12.2017 16:51:27 SEAMService checkSEAMSPermission: packageName:com.samsung.android.bbc.bbcagent
20.12.2017 16:51:27 SEAMService checkSEAMSPermission: packageName:com.samsung.android.bbc.bbcagent
20.12.2017 18:04:25 SEAMService caller is  system_server..proceed
20.12.2017 18:04:25 SEAMService cvOld is null or size is 0
20.12.2017 18:04:25 SEAMService the clipboard status for container:0 does not exist
20.12.2017 18:04:33 SEAMService caller is  system_server..proceed
20.12.2017 18:04:33 SEAMService cvOld is null or size is 0
20.12.2017 18:04:33 SEAMService the clipboard status for container:0 does not exist
20.12.2017 18:05:44 SEAMService caller is  system_server..proceed
20.12.2017 18:05:44 SEAMService cvOld is null or size is 0
20.12.2017 18:05:44 SEAMService the clipboard status for container:0 does not exist
20.12.2017 18:06:16 SEAMService caller is  system_server..proceed
20.12.2017 18:06:16 SEAMService cvOld is null or size is 0
20.12.2017 18:06:16 SEAMService the clipboard status for container:0 does not exist
20.12.2017 18:07:47 SEAMService caller is  system_server..proceed
20.12.2017 18:07:47 SEAMService cvOld is null or size is 0
20.12.2017 18:07:47 SEAMService the clipboard status for container:0 does not exist
20.12.2017 18:11:40 SEAMService caller is  system_server..proceed
20.12.2017 18:11:40 SEAMService cvOld is null or size is 0
20.12.2017 18:11:40 SEAMService the clipboard status for container:0 does not exist
20.12.2017 18:12:27 SEAMService caller is  system_server..proceed
20.12.2017 18:12:27 SEAMService cvOld is null or size is 0
20.12.2017 18:12:27 SEAMService the clipboard status for container:0 does not exist
20.12.2017 18:15:32 SEAMService caller is  system_server..proceed
20.12.2017 18:15:32 SEAMService cvOld is null or size is 0
20.12.2017 18:15:32 SEAMService the clipboard status for container:0 does not exist
20.12.2017 18:15:57 SEAMService caller is  system_server..proceed
20.12.2017 18:15:57 SEAMService cvOld is null or size is 0
20.12.2017 18:15:57 SEAMService the clipboard status for container:0 does not exist
20.12.2017 18:18:37 SEAMService caller is  system_server..proceed
20.12.2017 18:18:37 SEAMService cvOld is null or size is 0
20.12.2017 18:18:37 SEAMService the clipboard status for container:0 does not exist
20.12.2017 18:21:39 SEAMService caller is  system_server..proceed
20.12.2017 18:21:39 SEAMService cvOld is null or size is 0
20.12.2017 18:21:39 SEAMService the clipboard status for container:0 does not exist
20.12.2017 18:21:51 SEAMService caller is  system_server..proceed
20.12.2017 18:21:51 SEAMService cvOld is null or size is 0
20.12.2017 18:21:51 SEAMService the clipboard status for container:0 does not exist
20.12.2017 18:22:20 SEAMService caller is  system_server..proceed
20.12.2017 18:22:20 SEAMService cvOld is null or size is 0
20.12.2017 18:22:20 SEAMService the clipboard status for container:0 does not exist
20.12.2017 18:25:29 SEAMService caller is  system_server..proceed
20.12.2017 18:25:29 SEAMService cvOld is null or size is 0
20.12.2017 18:25:29 SEAMService the clipboard status for container:0 does not exist
24.12.2017 16:05:29 SEAMService caller is  system_server..proceed
24.12.2017 16:05:29 SEAMService cvOld is null or size is 0
24.12.2017 16:05:29 SEAMService the clipboard status for container:0 does not exist
24.12.2017 16:07:59 SEAMService caller is  system_server..proceed
24.12.2017 16:07:59 SEAMService cvOld is null or size is 0
24.12.2017 16:07:59 SEAMService the clipboard status for container:0 does not exist
24.12.2017 16:12:09 SEAMService caller is  system_server..proceed
24.12.2017 16:12:09 SEAMService cvOld is null or size is 0
24.12.2017 16:12:09 SEAMService the clipboard status for container:0 does not exist
24.12.2017 16:13:42 SEAMService caller is  system_server..proceed
24.12.2017 16:13:42 SEAMService cvOld is null or size is 0
24.12.2017 16:13:42 SEAMService the clipboard status for container:0 does not exist
24.12.2017 16:14:57 SEAMService caller is  system_server..proceed
24.12.2017 16:14:57 SEAMService cvOld is null or size is 0
24.12.2017 16:14:57 SEAMService the clipboard status for container:0 does not exist
24.12.2017 16:16:39 SEAMService caller is  system_server..proceed
24.12.2017 16:16:39 SEAMService cvOld is null or size is 0
24.12.2017 16:16:39 SEAMService the clipboard status for container:0 does not exist
24.12.2017 17:28:09 SEAMService caller is  system_server..proceed
24.12.2017 17:28:09 SEAMService cvOld is null or size is 0
24.12.2017 17:28:09 SEAMService the clipboard status for container:0 does not exist
24.12.2017 17:28:47 SEAMService caller is  system_server..proceed
24.12.2017 17:28:47 SEAMService cvOld is null or size is 0
24.12.2017 17:28:47 SEAMService the clipboard status for container:0 does not exist
24.12.2017 17:30:29 SEAMService caller is  system_server..proceed
24.12.2017 17:30:29 SEAMService cvOld is null or size is 0
24.12.2017 17:30:29 SEAMService the clipboard status for container:0 does not exist

